# JRE version: OpenJDK Runtime Environment Microsoft-8035246 (17.0.8+7) (build 17.0.8+7-LTS)
# Java VM: OpenJDK 64-Bit Server VM Microsoft-8035246 (17.0.8+7-LTS, mixed mode, sharing, tiered, compressed oops, compressed class ptrs, g1 gc, windows-amd64)
GC Precious Log:
 CPUs: 8 total, 8 available
 Memory: 16215M
 Large Page Support: Disabled
 NUMA Support: Disabled
 Compressed Oops: Enabled (32-bit)
 Heap Region Size: 1M
 Heap Min Capacity: 8M
 Heap Initial Capacity: 254M
 Heap Max Capacity: 2G
 Pre-touch: Disabled
 Parallel Workers: 8
 Concurrent Workers: 2
 Concurrent Refinement Workers: 8
 Periodic GC: Disabled
Heap:
 garbage-first heap   total 334848K, used 246708K [0x0000000080000000, 0x0000000100000000)
  region size 1024K, 69 young (70656K), 10 survivors (10240K)
 Metaspace       used 108426K, committed 109568K, reserved 557056K
  class space    used 14887K, committed 15424K, reserved 425984K
GC Heap History (20 events):
Event: 27.330 GC heap before
{Heap before GC invocations=36 (full 0):
 garbage-first heap   total 235520K, used 176816K [0x0000000080000000, 0x0000000100000000)
  region size 1024K, 82 young (83968K), 12 survivors (12288K)
 Metaspace       used 91240K, committed 92160K, reserved 557056K
  class space    used 12645K, committed 13056K, reserved 425984K
}
Event: 27.339 GC heap after
{Heap after GC invocations=37 (full 0):
 garbage-first heap   total 235520K, used 114354K [0x0000000080000000, 0x0000000100000000)
  region size 1024K, 9 young (9216K), 9 survivors (9216K)
 Metaspace       used 91240K, committed 92160K, reserved 557056K
  class space    used 12645K, committed 13056K, reserved 425984K
}
Event: 27.913 GC heap before
{Heap before GC invocations=37 (full 0):
 garbage-first heap   total 235520K, used 180914K [0x0000000080000000, 0x0000000100000000)
  region size 1024K, 74 young (75776K), 9 survivors (9216K)
 Metaspace       used 94823K, committed 95680K, reserved 557056K
  class space    used 13163K, committed 13568K, reserved 425984K
}
Event: 27.921 GC heap after
{Heap after GC invocations=38 (full 0):
 garbage-first heap   total 235520K, used 118738K [0x0000000080000000, 0x0000000100000000)
  region size 1024K, 5 young (5120K), 5 survivors (5120K)
 Metaspace       used 94823K, committed 95680K, reserved 557056K
  class space    used 13163K, committed 13568K, reserved 425984K
}
Event: 28.292 GC heap before
{Heap before GC invocations=38 (full 0):
 garbage-first heap   total 235520K, used 184274K [0x0000000080000000, 0x0000000100000000)
  region size 1024K, 69 young (70656K), 5 survivors (5120K)
 Metaspace       used 95357K, committed 96256K, reserved 557056K
  class space    used 13222K, committed 13632K, reserved 425984K
}
Event: 28.305 GC heap after
{Heap after GC invocations=39 (full 0):
 garbage-first heap   total 235520K, used 130232K [0x0000000080000000, 0x0000000100000000)
  region size 1024K, 9 young (9216K), 9 survivors (9216K)
 Metaspace       used 95357K, committed 96256K, reserved 557056K
  class space    used 13222K, committed 13632K, reserved 425984K
}
Event: 28.802 GC heap before
{Heap before GC invocations=40 (full 0):
 garbage-first heap   total 244736K, used 190648K [0x0000000080000000, 0x0000000100000000)
  region size 1024K, 63 young (64512K), 9 survivors (9216K)
 Metaspace       used 97041K, committed 97984K, reserved 557056K
  class space    used 13431K, committed 13888K, reserved 425984K
}
Event: 28.812 GC heap after
{Heap after GC invocations=41 (full 0):
 garbage-first heap   total 244736K, used 143848K [0x0000000080000000, 0x0000000100000000)
  region size 1024K, 8 young (8192K), 8 survivors (8192K)
 Metaspace       used 97041K, committed 97984K, reserved 557056K
  class space    used 13431K, committed 13888K, reserved 425984K
}
Event: 28.857 GC heap before
{Heap before GC invocations=41 (full 0):
 garbage-first heap   total 244736K, used 146920K [0x0000000080000000, 0x0000000100000000)
  region size 1024K, 11 young (11264K), 8 survivors (8192K)
 Metaspace       used 97320K, committed 98240K, reserved 557056K
  class space    used 13466K, committed 13888K, reserved 425984K
}
Event: 28.864 GC heap after
{Heap after GC invocations=42 (full 0):
 garbage-first heap   total 244736K, used 144995K [0x0000000080000000, 0x0000000100000000)
  region size 1024K, 2 young (2048K), 2 survivors (2048K)
 Metaspace       used 97320K, committed 98240K, reserved 557056K
  class space    used 13466K, committed 13888K, reserved 425984K
}
Event: 29.423 GC heap before
{Heap before GC invocations=42 (full 0):
 garbage-first heap   total 244736K, used 196195K [0x0000000080000000, 0x0000000100000000)
  region size 1024K, 52 young (53248K), 2 survivors (2048K)
 Metaspace       used 99780K, committed 100800K, reserved 557056K
  class space    used 13788K, committed 14272K, reserved 425984K
}
Event: 29.429 GC heap after
{Heap after GC invocations=43 (full 0):
 garbage-first heap   total 244736K, used 155648K [0x0000000080000000, 0x0000000100000000)
  region size 1024K, 7 young (7168K), 7 survivors (7168K)
 Metaspace       used 99780K, committed 100800K, reserved 557056K
  class space    used 13788K, committed 14272K, reserved 425984K
}
Event: 29.936 GC heap before
{Heap before GC invocations=44 (full 0):
 garbage-first heap   total 278528K, used 195584K [0x0000000080000000, 0x0000000100000000)
  region size 1024K, 46 young (47104K), 7 survivors (7168K)
 Metaspace       used 104122K, committed 105152K, reserved 557056K
  class space    used 14405K, committed 14912K, reserved 425984K
}
Event: 29.945 GC heap after
{Heap after GC invocations=45 (full 0):
 garbage-first heap   total 278528K, used 161654K [0x0000000080000000, 0x0000000100000000)
  region size 1024K, 6 young (6144K), 6 survivors (6144K)
 Metaspace       used 104122K, committed 105152K, reserved 557056K
  class space    used 14405K, committed 14912K, reserved 425984K
}
Event: 30.026 GC heap before
{Heap before GC invocations=45 (full 0):
 garbage-first heap   total 278528K, used 168822K [0x0000000080000000, 0x0000000100000000)
  region size 1024K, 13 young (13312K), 6 survivors (6144K)
 Metaspace       used 104236K, committed 105280K, reserved 557056K
  class space    used 14413K, committed 14912K, reserved 425984K
}
Event: 30.032 GC heap after
{Heap after GC invocations=46 (full 0):
 garbage-first heap   total 334848K, used 163370K [0x0000000080000000, 0x0000000100000000)
  region size 1024K, 2 young (2048K), 2 survivors (2048K)
 Metaspace       used 104236K, committed 105280K, reserved 557056K
  class space    used 14413K, committed 14912K, reserved 425984K
}
Event: 30.920 GC heap before
{Heap before GC invocations=46 (full 0):
 garbage-first heap   total 334848K, used 256554K [0x0000000080000000, 0x0000000100000000)
  region size 1024K, 93 young (95232K), 2 survivors (2048K)
 Metaspace       used 107017K, committed 108096K, reserved 557056K
  class space    used 14714K, committed 15232K, reserved 425984K
}
Event: 30.930 GC heap after
{Heap after GC invocations=47 (full 0):
 garbage-first heap   total 334848K, used 174708K [0x0000000080000000, 0x0000000100000000)
  region size 1024K, 12 young (12288K), 12 survivors (12288K)
 Metaspace       used 107017K, committed 108096K, reserved 557056K
  class space    used 14714K, committed 15232K, reserved 425984K
}
Event: 31.643 GC heap before
{Heap before GC invocations=47 (full 0):
 garbage-first heap   total 334848K, used 261748K [0x0000000080000000, 0x0000000100000000)
  region size 1024K, 98 young (100352K), 12 survivors (12288K)
 Metaspace       used 108292K, committed 109376K, reserved 557056K
  class space    used 14886K, committed 15424K, reserved 425984K
}
Event: 31.655 GC heap after
{Heap after GC invocations=48 (full 0):
 garbage-first heap   total 334848K, used 184244K [0x0000000080000000, 0x0000000100000000)
  region size 1024K, 10 young (10240K), 10 survivors (10240K)
 Metaspace       used 108292K, committed 109376K, reserved 557056K
  class space    used 14886K, committed 15424K, reserved 425984K
}

